<?xml version="1.0" encoding="UTF-8"?>
<testng-results total="1" passed="1" failed="0" skipped="0">
  <reporter-output>
  </reporter-output>
  <suite started-at="2019-10-12T10:52:59Z" name="SmokeTest" finished-at="2019-10-12T10:53:28Z" duration-ms="28581">
    <groups>
    </groups>
    <test started-at="2019-10-12T10:52:59Z" name="Scenario 1" finished-at="2019-10-12T10:53:28Z" duration-ms="28581">
      <class name="com.browserstack.testcase.BrowserstackTestCase">
        <test-method is-config="true" signature="setup()[pri:0, instance:com.browserstack.testcase.BrowserstackTestCase@1d76aeea]" started-at="2019-10-12T16:22:59Z" name="setup" finished-at="2019-10-12T16:23:06Z" duration-ms="7010" status="PASS">
          <reporter-output>
          </reporter-output>
        </test-method> <!-- setup -->
        <test-method signature="tc1(java.lang.String, java.lang.String)[pri:1, instance:com.browserstack.testcase.BrowserstackTestCase@1d76aeea]" started-at="2019-10-12T16:23:06Z" name="tc1" finished-at="2019-10-12T16:23:26Z" duration-ms="19191" status="PASS">
          <params>
            <param index="0">
              <value>
                <![CDATA[android]]>
              </value>
            </param>
            <param index="1">
              <value>
                <![CDATA[galaxy s8]]>
              </value>
            </param>
          </params>
          <reporter-output>
          </reporter-output>
        </test-method> <!-- tc1 -->
        <test-method is-config="true" signature="tearDown()[pri:0, instance:com.browserstack.testcase.BrowserstackTestCase@1d76aeea]" started-at="2019-10-12T16:23:26Z" name="tearDown" finished-at="2019-10-12T16:23:28Z" duration-ms="2348" status="PASS">
          <reporter-output>
          </reporter-output>
        </test-method> <!-- tearDown -->
      </class> <!-- com.browserstack.testcase.BrowserstackTestCase -->
    </test> <!-- Scenario 1 -->
  </suite> <!-- SmokeTest -->
</testng-results>
